TN:
SF:components/github-token-input.tsx
FN:20,GitHubTokenInput
FN:27,(anonymous_2)
FN:35,(anonymous_3)
FN:57,(anonymous_4)
FN:118,(anonymous_5)
FN:129,(anonymous_6)
FNF:6
FNH:5
FNDA:13,GitHubTokenInput
FNDA:5,(anonymous_2)
FNDA:1,(anonymous_3)
FNDA:1,(anonymous_4)
FNDA:1,(anonymous_5)
FNDA:0,(anonymous_6)
DA:3,1
DA:4,1
DA:5,1
DA:6,1
DA:15,1
DA:16,1
DA:17,1
DA:18,1
DA:20,5
DA:21,13
DA:22,13
DA:23,13
DA:24,13
DA:27,13
DA:28,5
DA:29,5
DA:30,2
DA:31,2
DA:35,13
DA:36,1
DA:37,1
DA:38,1
DA:39,1
DA:40,1
DA:41,1
DA:43,1
DA:48,0
DA:57,13
DA:58,1
DA:59,1
DA:60,1
DA:61,1
DA:62,1
DA:64,1
DA:69,0
DA:118,1
DA:129,0
LF:37
LH:34
BRDA:29,0,0,2
BRDA:36,1,0,1
BRDA:81,2,0,4
BRDA:82,3,0,4
BRDA:82,3,1,9
BRDA:123,4,0,13
BRF:6
BRH:6
end_of_record
TN:
SF:components/ui/use-toast.ts
FN:26,genId
FN:57,(anonymous_7)
FN:68,(anonymous_8)
FN:79,(anonymous_9)
FN:86,(anonymous_10)
FN:105,(anonymous_11)
FN:114,dispatch
FN:116,(anonymous_13)
FN:123,toast
FN:126,(anonymous_15)
FN:131,(anonymous_16)
FN:139,(anonymous_17)
FN:152,useToast
FN:155,(anonymous_19)
FN:157,(anonymous_20)
FN:168,(anonymous_21)
FN:172,addToRemoveQueue
FN:177,(anonymous_23)
FNF:18
FNH:0
FNDA:0,genId
FNDA:0,(anonymous_7)
FNDA:0,(anonymous_8)
FNDA:0,(anonymous_9)
FNDA:0,(anonymous_10)
FNDA:0,(anonymous_11)
FNDA:0,dispatch
FNDA:0,(anonymous_13)
FNDA:0,toast
FNDA:0,(anonymous_15)
FNDA:0,(anonymous_16)
FNDA:0,(anonymous_17)
FNDA:0,useToast
FNDA:0,(anonymous_19)
FNDA:0,(anonymous_20)
FNDA:0,(anonymous_21)
FNDA:0,addToRemoveQueue
FNDA:0,(anonymous_23)
DA:3,0
DA:7,0
DA:8,0
DA:17,0
DA:24,0
DA:27,0
DA:28,0
DA:55,0
DA:57,0
DA:58,0
DA:60,0
DA:66,0
DA:68,0
DA:72,0
DA:76,0
DA:77,0
DA:79,0
DA:80,0
DA:84,0
DA:87,0
DA:97,0
DA:98,0
DA:103,0
DA:105,0
DA:110,0
DA:112,0
DA:115,0
DA:116,0
DA:117,0
DA:124,0
DA:126,0
DA:127,0
DA:131,0
DA:133,0
DA:140,0
DA:145,0
DA:153,0
DA:155,0
DA:156,0
DA:157,0
DA:158,0
DA:159,0
DA:160,0
DA:165,0
DA:168,0
DA:173,0
DA:174,0
DA:177,0
DA:178,0
DA:179,0
DA:185,0
DA:188,0
LF:52
LH:0
BRDA:58,0,0,0
BRDA:58,0,1,0
BRDA:58,0,2,0
BRDA:58,0,3,0
BRDA:68,1,0,0
BRDA:68,1,1,0
BRDA:76,2,0,0
BRDA:76,2,1,0
BRDA:87,3,0,0
BRDA:87,3,1,0
BRDA:87,4,0,0
BRDA:87,4,1,0
BRDA:97,5,0,0
BRDA:140,6,0,0
BRDA:159,7,0,0
BRDA:173,8,0,0
BRF:16
BRH:0
end_of_record
TN:
SF:lib/cache.ts
FN:11,(anonymous_1)
FN:24,(anonymous_2)
FN:63,(anonymous_3)
FN:69,(anonymous_4)
FN:70,(anonymous_5)
FNF:5
FNH:4
FNDA:7,(anonymous_1)
FNDA:11,(anonymous_2)
FNDA:7,(anonymous_3)
FNDA:28,(anonymous_4)
FNDA:0,(anonymous_5)
DA:8,3
DA:12,7
DA:13,7
DA:16,7
DA:17,7
DA:26,11
DA:29,11
DA:30,7
DA:31,7
DA:32,7
DA:33,2
DA:34,2
DA:36,2
DA:39,0
DA:45,5
DA:49,4
DA:50,1
DA:51,1
DA:52,1
DA:56,1
DA:59,3
DA:64,7
DA:67,7
DA:68,7
DA:69,28
DA:70,0
DA:78,28
LF:27
LH:25
BRDA:11,0,0,4
BRDA:29,1,0,7
BRDA:32,2,0,2
BRDA:34,3,0,2
BRDA:34,3,1,0
BRDA:49,4,0,1
BRF:6
BRH:5
end_of_record
TN:
SF:lib/github-api.ts
FN:16,(anonymous_3)
FN:21,(anonymous_4)
FN:26,(anonymous_5)
FN:47,(anonymous_6)
FN:58,(anonymous_7)
FN:67,(anonymous_8)
FN:75,(anonymous_9)
FN:83,(anonymous_10)
FN:97,(anonymous_11)
FN:145,(anonymous_12)
FN:193,(anonymous_13)
FN:237,(anonymous_14)
FNF:12
FNH:7
FNDA:9,(anonymous_3)
FNDA:0,(anonymous_4)
FNDA:4,(anonymous_5)
FNDA:4,(anonymous_6)
FNDA:0,(anonymous_7)
FNDA:0,(anonymous_8)
FNDA:0,(anonymous_9)
FNDA:4,(anonymous_10)
FNDA:3,(anonymous_11)
FNDA:1,(anonymous_12)
FNDA:1,(anonymous_13)
FNDA:0,(anonymous_14)
DA:1,2
DA:5,2
DA:6,2
DA:7,2
DA:10,7
DA:11,9
DA:13,9
DA:14,9
DA:17,9
DA:22,0
DA:27,4
DA:28,4
DA:30,4
DA:32,4
DA:33,4
DA:36,0
DA:41,0
DA:42,0
DA:43,0
DA:48,4
DA:49,4
DA:52,4
DA:53,1
DA:54,1
DA:55,1
DA:57,1
DA:58,0
DA:59,0
DA:65,4
DA:66,0
DA:67,0
DA:68,0
DA:71,4
DA:73,0
DA:74,0
DA:75,0
DA:76,0
DA:78,0
DA:84,4
DA:89,4
DA:90,0
DA:93,4
DA:99,3
DA:100,3
DA:101,3
DA:102,1
DA:106,2
DA:107,2
DA:108,0
DA:111,2
DA:112,2
DA:116,2
DA:117,1
DA:118,1
DA:120,0
DA:121,0
DA:122,0
DA:123,0
DA:124,0
DA:125,0
DA:127,0
DA:129,0
DA:132,1
DA:135,1
DA:137,1
DA:139,1
DA:140,1
DA:147,1
DA:148,1
DA:149,1
DA:150,0
DA:154,1
DA:155,1
DA:156,0
DA:159,1
DA:160,1
DA:164,1
DA:166,1
DA:167,1
DA:168,1
DA:169,1
DA:170,1
DA:172,0
DA:174,0
DA:175,0
DA:177,0
DA:180,0
DA:183,0
DA:185,0
DA:187,1
DA:188,1
DA:195,1
DA:196,1
DA:197,1
DA:198,0
DA:202,1
DA:203,1
DA:204,0
DA:207,1
DA:208,1
DA:212,1
DA:213,0
DA:214,0
DA:216,0
DA:219,1
DA:222,1
DA:225,1
DA:227,1
DA:229,0
DA:230,0
DA:239,0
DA:240,0
DA:241,0
DA:242,0
DA:245,0
DA:246,0
DA:251,0
DA:254,0
DA:256,0
DA:258,0
DA:264,6
LF:121
LH:70
BRDA:30,0,0,4
BRDA:30,1,0,4
BRDA:30,1,1,0
BRDA:36,2,0,0
BRDA:47,3,0,0
BRDA:47,4,0,4
BRDA:52,5,0,1
BRDA:52,6,0,4
BRDA:52,6,1,1
BRDA:54,7,0,1
BRDA:54,8,0,1
BRDA:54,8,1,1
BRDA:57,9,0,0
BRDA:57,10,0,1
BRDA:57,10,1,0
BRDA:65,11,0,0
BRDA:65,12,0,4
BRDA:65,12,1,2
BRDA:65,12,2,0
BRDA:73,13,0,0
BRDA:89,14,0,0
BRDA:101,15,0,1
BRDA:107,16,0,0
BRDA:116,17,0,1
BRDA:117,18,0,1
BRDA:120,19,0,0
BRDA:122,20,0,0
BRDA:124,21,0,0
BRDA:124,21,1,0
BRDA:145,22,0,1
BRDA:149,23,0,0
BRDA:155,24,0,0
BRDA:160,25,0,0
BRDA:160,25,1,1
BRDA:166,26,0,1
BRDA:167,27,0,1
BRDA:169,28,0,1
BRDA:174,29,0,0
BRDA:197,30,0,0
BRDA:203,31,0,0
BRDA:212,32,0,0
BRDA:213,33,0,0
BRDA:241,34,0,0
BRF:43
BRH:20
end_of_record
